<?xml version="1.0" encoding="UTF-8"?>
<!-- Generated by org.testng.reporters.JUnitReportReporter -->
<testsuite hostname="wkspu00391" name="testCases.testCase001" tests="1" failures="0" timestamp="12 Aug 2016 11:42:59 GMT" time="9.138" errors="0">
  <testcase name="f" time="9.138" classname="testCases.testCase001"/>
</testsuite> <!-- testCases.testCase001 -->
