<?xml version="1.0" encoding="UTF-8"?>
<!-- Generated by org.testng.reporters.JUnitReportReporter -->
<testsuite hostname="Home" name="commonLibs.mainClass" tests="1" failures="0" timestamp="11 Aug 2016 18:08:46 GMT" time="39.966" errors="0">
  <testcase name="verifyPageTitle" time="39.966" classname="commonLibs.mainClass"/>
</testsuite> <!-- commonLibs.mainClass -->
