<?xml version="1.0" encoding="UTF-8"?>
<!-- Generated by org.testng.reporters.JUnitReportReporter -->
<testsuite hostname="Home" name="testCases.testCase001" tests="2" failures="0" timestamp="13 Aug 2016 09:06:32 GMT" time="15.672" errors="0">
  <testcase name="testCase002_Logout" time="0.072" classname="testCases.testCase001"/>
  <testcase name="testCase001_LoginAndVerifications" time="15.600" classname="testCases.testCase001"/>
</testsuite> <!-- testCases.testCase001 -->
