<?xml version="1.0" encoding="UTF-8"?>
<!-- Generated by org.testng.reporters.JUnitReportReporter -->
<testsuite hostname="wkspu00391" name="commonLibs.AppWordPress2" tests="2" failures="0" timestamp="12 Aug 2016 09:20:36 GMT" time="4.910" errors="0">
  <testcase name="verifyPageTitle" time="0.023" classname="commonLibs.AppWordPress2"/>
  <testcase name="Login2" time="4.887" classname="commonLibs.AppWordPress2"/>
</testsuite> <!-- commonLibs.AppWordPress2 -->
