<?xml version="1.0" encoding="UTF-8"?>
<!-- Generated by org.testng.reporters.JUnitReportReporter -->
<testsuite hostname="Home" name="testCases.testCase001" tests="1" failures="0" timestamp="13 Aug 2016 06:51:17 GMT" time="21.612" errors="0">
  <testcase name="testCase001_LoginAndVerifications" time="21.612" classname="testCases.testCase001"/>
</testsuite> <!-- testCases.testCase001 -->
