<?xml version="1.0" encoding="UTF-8"?>
<!-- Generated by org.testng.reporters.JUnitReportReporter -->
<testsuite hostname="Home" name="commonLibs.mainClass" tests="1" failures="0" timestamp="10 Aug 2016 17:50:38 GMT" time="13.611" errors="0">
  <testcase name="verifyPageTitle" time="13.611" classname="commonLibs.mainClass"/>
</testsuite> <!-- commonLibs.mainClass -->
