<?xml version="1.0" encoding="UTF-8"?>
<!-- Generated by org.testng.reporters.JUnitReportReporter -->
<testsuite hostname="Home" name="testCases.testCase002" tests="1" failures="0" timestamp="13 Aug 2016 07:59:46 GMT" time="60.041" errors="0">
  <testcase name="testCase002_LogoutAndVerifications" time="60.041" classname="testCases.testCase002"/>
</testsuite> <!-- testCases.testCase002 -->
